C51 COMPILER V9.56.0.0   GLAVNI                                                            05/22/2017 13:19:04 PAGE 1   


C51 COMPILER V9.56.0.0, COMPILATION OF MODULE GLAVNI
OBJECT MODULE PLACED IN .\Objects\glavni.obj
COMPILER INVOKED BY: C:\Keil_v5\C51\BIN\C51.EXE glavni.c OPTIMIZE(8,SPEED) BROWSE DEBUG OBJECTEXTEND TABS(2) OBJECT(.\Ob
                    -jects\glavni.obj)

line level    source

   1          #include <stdio.h>
   2          #include <reg51.h>
   3          main(){
   4   1        /*
   5   1        volatile unsigned char xdata *mem;
   6   1        unsigned char vtest;
   7   1        bit bdata test = 1;
   8   1        */
   9   1        TMOD=0x20;    /* Timer1:Gate|C/T|M1|M0| Timer0:Gate|C/T|M1|M0| */
  10   1                      /* Brojilo T1 radi na nacin rada 2. */
  11   1        
  12   1        TH1=0xF4;     /* Broj za ponovno punjenje brojila T1 => 2400 bitova/s. */
  13   1        
  14   1        TL1=0xF4;     /* Pocetni sadržaj brojila T1 => 2400 bitova/s. */
  15   1        
  16   1        TR1=1;        /* TF1|TR1|TF0|TR0|IE1|IT1|IE0|IT0 */
  17   1                      /* Bit u TCON registru koji pokrece rad brojila. */
  18   1        
  19   1        SCON=0x52;    /* SM0|SM1|SM2|REN|TB8|RB8|TI|RI */
  20   1                      /* Serijsko sucelje radi na nacin rada 2. */
  21   1        
  22   1        printf("Zadatak 3 uspjesno napravljen.\n\n");
  23   1        
  24   1        /*4. zad 
  25   1        for(mem=0x0000; mem<=0x7FFF; mem++){
  26   1          *mem = 0xAA;
  27   1          vtest = *mem;
  28   1          if(vtest != 0xAA){
  29   1            test = 0;
  30   1            break;
  31   1          }
  32   1        }
  33   1        if(test == 1){
  34   1          printf("Memorija je ispravna.\n\n");
  35   1        }
  36   1        else{
  37   1          printf("Memorija nije ispravna.\n\n");
  38   1        }
  39   1        */
  40   1        while(1){}
  41   1      }


MODULE INFORMATION:   STATIC OVERLAYABLE
   CODE SIZE        =     25    ----
   CONSTANT SIZE    =     33    ----
   XDATA SIZE       =   ----    ----
   PDATA SIZE       =   ----    ----
   DATA SIZE        =   ----    ----
   IDATA SIZE       =   ----    ----
   BIT SIZE         =   ----    ----
END OF MODULE INFORMATION.


C51 COMPILATION COMPLETE.  0 WARNING(S),  0 ERROR(S)
