C51 COMPILER V9.56.0.0   GLAVNI                                                            05/16/2017 10:48:56 PAGE 1   


C51 COMPILER V9.56.0.0, COMPILATION OF MODULE GLAVNI
OBJECT MODULE PLACED IN glavni.OBJ
COMPILER INVOKED BY: C:\Keil_v5\C51\BIN\C51.EXE glavni.c OPTIMIZE(8,SPEED) DEBUG OBJECTEXTEND TABS(2)

line level    source

   1          #include <stdio.h>
   2          #include <reg51.h>
   3          main(){
   4   1        volatile unsigned char xdata *mem;
   5   1        unsigned char vtest;
   6   1        bit bdata test = 1;
   7   1        TMOD=0x20;    /* Timer1:Gate|C/T|M1|M0| Timer0:Gate|C/T|M1|M0| */
   8   1                      /* Brojilo T1 radi na nacin rada 2. */
   9   1        
  10   1        TH1=0xF4;     /* Broj za ponovno punjenje brojila T1 => 2400 bitova/s. */
  11   1        
  12   1        TL1=0xF4;     /* Pocetni sadržaj brojila T1 => 2400 bitova/s. */
  13   1        
  14   1        TR1=1;        /* TF1|TR1|TF0|TR0|IE1|IT1|IE0|IT0 */
  15   1                      /* Bit u TCON registru koji pokrece rad brojila. */
  16   1        
  17   1        SCON=0x52;    /* SM0|SM1|SM2|REN|TB8|RB8|TI|RI */
  18   1                      /* Serijsko sucelje radi na nacin rada 2. */
  19   1        
  20   1        printf("Zadatak 3 uspjesno napravljen.\n\n");
  21   1        
  22   1        for(mem=0x0000; mem<=0x7FFF; mem++){
  23   2          *mem = 0xAA;
  24   2          vtest = *mem;
  25   2          if(vtest != 0xAA){
  26   3            test = 0;
  27   3            break;
  28   3          }
  29   2        }
  30   1        if(test == 1){
  31   2          printf("Memorija je ispravna.\n\n");
  32   2        }
  33   1        else{
  34   2          printf("Memorija nije ispravna.\n\n");
  35   2        }
  36   1        while(1){}
  37   1      }


MODULE INFORMATION:   STATIC OVERLAYABLE
   CODE SIZE        =     76    ----
   CONSTANT SIZE    =     83    ----
   XDATA SIZE       =   ----    ----
   PDATA SIZE       =   ----    ----
   DATA SIZE        =   ----    ----
   IDATA SIZE       =   ----    ----
   BIT SIZE         =   ----       1
END OF MODULE INFORMATION.


C51 COMPILATION COMPLETE.  0 WARNING(S),  0 ERROR(S)
